<?xml version="1.0" encoding="UTF-8"?>
<testng-results ignored="0" total="2" passed="1" failed="1" skipped="0">
  <reporter-output>
  </reporter-output>
  <suite started-at="2023-04-04T16:06:44 CEST" name="Suite" finished-at="2023-04-04T16:07:32 CEST" duration-ms="48095">
    <groups>
    </groups>
    <test started-at="2023-04-04T16:06:44 CEST" name="Test" finished-at="2023-04-04T16:07:10 CEST" duration-ms="25743">
      <class name="uk.co.automationtesting.AddRemoveItemBasketTest">
        <test-method is-config="true" signature="setup()[pri:0, instance:uk.co.automationtesting.AddRemoveItemBasketTest@75d3a5e0]" started-at="2023-04-04T16:06:44 CEST" name="setup" finished-at="2023-04-04T16:06:48 CEST" duration-ms="3428" status="PASS">
          <reporter-output>
          </reporter-output>
        </test-method> <!-- setup -->
        <test-method signature="addRemove()[pri:0, instance:uk.co.automationtesting.AddRemoveItemBasketTest@75d3a5e0]" started-at="2023-04-04T16:06:48 CEST" name="addRemove" finished-at="2023-04-04T16:07:09 CEST" duration-ms="21131" status="FAIL">
          <exception class="java.lang.AssertionError">
            <message>
              <![CDATA[Cart amount did not match the expected amount, it found$45.24 expected $45.23]]>
            </message>
            <full-stacktrace>
              <![CDATA[java.lang.AssertionError: Cart amount did not match the expected amount, it found$45.24 expected $45.23
at org.testng.Assert.fail(Assert.java:110)
at uk.co.automationtesting.AddRemoveItemBasketTest.addRemove(AddRemoveItemBasketTest.java:67)
at java.base/jdk.internal.reflect.NativeMethodAccessorImpl.invoke0(Native Method)
at java.base/jdk.internal.reflect.NativeMethodAccessorImpl.invoke(NativeMethodAccessorImpl.java:62)
at java.base/jdk.internal.reflect.DelegatingMethodAccessorImpl.invoke(DelegatingMethodAccessorImpl.java:43)
at java.base/java.lang.reflect.Method.invoke(Method.java:566)
at org.testng.internal.invokers.MethodInvocationHelper.invokeMethod(MethodInvocationHelper.java:139)
at org.testng.internal.invokers.TestInvoker.invokeMethod(TestInvoker.java:677)
at org.testng.internal.invokers.TestInvoker.invokeTestMethod(TestInvoker.java:221)
at org.testng.internal.invokers.MethodRunner.runInSequence(MethodRunner.java:50)
at org.testng.internal.invokers.TestInvoker$MethodInvocationAgent.invoke(TestInvoker.java:969)
at org.testng.internal.invokers.TestInvoker.invokeTestMethods(TestInvoker.java:194)
at org.testng.internal.invokers.TestMethodWorker.invokeTestMethods(TestMethodWorker.java:148)
at org.testng.internal.invokers.TestMethodWorker.run(TestMethodWorker.java:128)
at java.base/java.util.ArrayList.forEach(ArrayList.java:1540)
at org.testng.TestRunner.privateRun(TestRunner.java:829)
at org.testng.TestRunner.run(TestRunner.java:602)
at org.testng.SuiteRunner.runTest(SuiteRunner.java:437)
at org.testng.SuiteRunner$SuiteWorker.run(SuiteRunner.java:475)
at org.testng.internal.thread.ThreadUtil.lambda$execute$0(ThreadUtil.java:58)
at java.base/java.util.concurrent.FutureTask.run(FutureTask.java:264)
at java.base/java.util.concurrent.ThreadPoolExecutor.runWorker(ThreadPoolExecutor.java:1128)
at java.base/java.util.concurrent.ThreadPoolExecutor$Worker.run(ThreadPoolExecutor.java:628)
at java.base/java.lang.Thread.run(Thread.java:834)
]]>
            </full-stacktrace>
          </exception> <!-- java.lang.AssertionError -->
          <reporter-output>
          </reporter-output>
        </test-method> <!-- addRemove -->
        <test-method is-config="true" signature="tearDown()[pri:0, instance:uk.co.automationtesting.AddRemoveItemBasketTest@75d3a5e0]" started-at="2023-04-04T16:07:09 CEST" name="tearDown" finished-at="2023-04-04T16:07:10 CEST" duration-ms="677" status="PASS">
          <reporter-output>
          </reporter-output>
        </test-method> <!-- tearDown -->
      </class> <!-- uk.co.automationtesting.AddRemoveItemBasketTest -->
    </test> <!-- Test -->
    <test started-at="2023-04-04T16:06:44 CEST" name="Test2" finished-at="2023-04-04T16:07:32 CEST" duration-ms="48094">
      <class name="uk.co.automationtesting.OrderCompleteTest">
        <test-method is-config="true" signature="setup()[pri:0, instance:uk.co.automationtesting.OrderCompleteTest@231f98ef]" started-at="2023-04-04T16:06:44 CEST" name="setup" finished-at="2023-04-04T16:06:48 CEST" duration-ms="3355" status="PASS">
          <reporter-output>
          </reporter-output>
        </test-method> <!-- setup -->
        <test-method signature="endToEndTest()[pri:0, instance:uk.co.automationtesting.OrderCompleteTest@231f98ef]" started-at="2023-04-04T16:06:48 CEST" name="endToEndTest" finished-at="2023-04-04T16:07:31 CEST" duration-ms="43651" status="PASS">
          <reporter-output>
          </reporter-output>
        </test-method> <!-- endToEndTest -->
        <test-method is-config="true" signature="tearDown()[pri:0, instance:uk.co.automationtesting.OrderCompleteTest@231f98ef]" started-at="2023-04-04T16:07:31 CEST" name="tearDown" finished-at="2023-04-04T16:07:32 CEST" duration-ms="732" status="PASS">
          <reporter-output>
          </reporter-output>
        </test-method> <!-- tearDown -->
      </class> <!-- uk.co.automationtesting.OrderCompleteTest -->
    </test> <!-- Test2 -->
  </suite> <!-- Suite -->
</testng-results>
